The system is: Linux - 3.10.0-1160.25.1.el7.x86_64 - x86_64
Compiling the C compiler identification source file "CMakeCCompilerId.c" succeeded.
Compiler: /soft/libraries/mpi/mvapich2/gcc/bin/mpicc 
Build flags: 
Id flags:  

The output was:
0


Compilation of the C compiler identification source "CMakeCCompilerId.c" produced "a.out"

The C compiler identification is GNU, found in "/home/abucaro/BloodFlow/examples/embolism/buld/CMakeFiles/3.17.3/CompilerIdC/a.out"

Compiling the CXX compiler identification source file "CMakeCXXCompilerId.cpp" succeeded.
Compiler: /soft/compilers/gcc/7.1.0/bin/c++ 
Build flags: 
Id flags:  

The output was:
0


Compilation of the CXX compiler identification source "CMakeCXXCompilerId.cpp" produced "a.out"

The CXX compiler identification is GNU, found in "/home/abucaro/BloodFlow/examples/embolism/buld/CMakeFiles/3.17.3/CompilerIdCXX/a.out"

Determining if the C compiler works passed with the following output:
Change Dir: /home/abucaro/BloodFlow/examples/embolism/buld/CMakeFiles/CMakeTmp

Run Build Command(s):/bin/gmake cmTC_7cf62/fast && /bin/gmake  -f CMakeFiles/cmTC_7cf62.dir/build.make CMakeFiles/cmTC_7cf62.dir/build
gmake[1]: Entering directory `/gpfs/mira-home/abucaro/BloodFlow/examples/embolism/buld/CMakeFiles/CMakeTmp'
Building C object CMakeFiles/cmTC_7cf62.dir/testCCompiler.c.o
/soft/libraries/mpi/mvapich2/gcc/bin/mpicc    -o CMakeFiles/cmTC_7cf62.dir/testCCompiler.c.o   -c /home/abucaro/BloodFlow/examples/embolism/buld/CMakeFiles/CMakeTmp/testCCompiler.c
Linking C executable cmTC_7cf62
/soft/buildtools/cmake/3.17.3/bin/cmake -E cmake_link_script CMakeFiles/cmTC_7cf62.dir/link.txt --verbose=1
/soft/libraries/mpi/mvapich2/gcc/bin/mpicc      -rdynamic CMakeFiles/cmTC_7cf62.dir/testCCompiler.c.o  -o cmTC_7cf62 
gmake[1]: Leaving directory `/gpfs/mira-home/abucaro/BloodFlow/examples/embolism/buld/CMakeFiles/CMakeTmp'



Detecting C compiler ABI info compiled with the following output:
Change Dir: /home/abucaro/BloodFlow/examples/embolism/buld/CMakeFiles/CMakeTmp

Run Build Command(s):/bin/gmake cmTC_4e516/fast && /bin/gmake  -f CMakeFiles/cmTC_4e516.dir/build.make CMakeFiles/cmTC_4e516.dir/build
gmake[1]: Entering directory `/gpfs/mira-home/abucaro/BloodFlow/examples/embolism/buld/CMakeFiles/CMakeTmp'
Building C object CMakeFiles/cmTC_4e516.dir/CMakeCCompilerABI.c.o
/soft/libraries/mpi/mvapich2/gcc/bin/mpicc   -v -o CMakeFiles/cmTC_4e516.dir/CMakeCCompilerABI.c.o   -c /soft/buildtools/cmake/3.17.3/share/cmake-3.17/Modules/CMakeCCompilerABI.c
mpicc for MVAPICH2 version 2.2
Using built-in specs.
COLLECT_GCC=gcc
Target: x86_64-pc-linux-gnu
Configured with: ../gcc-7.1.0/configure --prefix=/gpfs/mira-fs0/software/x86_64/compilers/gcc/7.1.0 --disable-nls --enable-languages=c,c++,objc,obj-c++,fortran,lto --without-headers --disable-multilib --enable-lto --enable-checking=release --disable-libstdcxx-pch --with-system-zlib
Thread model: posix
gcc version 7.1.0 (GCC) 
COLLECT_GCC_OPTIONS='-v' '-o' 'CMakeFiles/cmTC_4e516.dir/CMakeCCompilerABI.c.o' '-c' '-I' '/soft/libraries/mpi/mvapich2-2.2/gcc/include' '-mtune=generic' '-march=x86-64'
 /soft/compilers/gcc/7.1.0/bin/../libexec/gcc/x86_64-pc-linux-gnu/7.1.0/cc1 -quiet -v -I /soft/libraries/mpi/mvapich2-2.2/gcc/include -iprefix /soft/compilers/gcc/7.1.0/bin/../lib/gcc/x86_64-pc-linux-gnu/7.1.0/ /soft/buildtools/cmake/3.17.3/share/cmake-3.17/Modules/CMakeCCompilerABI.c -quiet -dumpbase CMakeCCompilerABI.c -mtune=generic -march=x86-64 -auxbase-strip CMakeFiles/cmTC_4e516.dir/CMakeCCompilerABI.c.o -version -o /tmp/ccuUwni1.s
GNU C11 (GCC) version 7.1.0 (x86_64-pc-linux-gnu)
	compiled by GNU C version 7.1.0, GMP version 6.1.0, MPFR version 3.1.4, MPC version 1.0.3, isl version isl-0.16.1-GMP

GGC heuristics: --param ggc-min-expand=100 --param ggc-min-heapsize=131072
ignoring nonexistent directory "/soft/compilers/gcc/7.1.0/bin/../lib/gcc/x86_64-pc-linux-gnu/7.1.0/../../../../x86_64-pc-linux-gnu/include"
ignoring duplicate directory "/soft/compilers/gcc/7.1.0/bin/../lib/gcc/../../lib/gcc/x86_64-pc-linux-gnu/7.1.0/include"
ignoring duplicate directory "/soft/compilers/gcc/7.1.0/bin/../lib/gcc/../../lib/gcc/x86_64-pc-linux-gnu/7.1.0/include-fixed"
ignoring nonexistent directory "/soft/compilers/gcc/7.1.0/bin/../lib/gcc/../../lib/gcc/x86_64-pc-linux-gnu/7.1.0/../../../../x86_64-pc-linux-gnu/include"
#include "..." search starts here:
#include <...> search starts here:
 /soft/libraries/mpi/mvapich2-2.2/gcc/include
 /soft/compilers/gcc/7.1.0/bin/../lib/gcc/x86_64-pc-linux-gnu/7.1.0/include
 /soft/compilers/gcc/7.1.0/bin/../lib/gcc/x86_64-pc-linux-gnu/7.1.0/include-fixed
 /usr/local/include
 /soft/compilers/gcc/7.1.0/bin/../lib/gcc/../../include
 /usr/include
End of search list.
GNU C11 (GCC) version 7.1.0 (x86_64-pc-linux-gnu)
	compiled by GNU C version 7.1.0, GMP version 6.1.0, MPFR version 3.1.4, MPC version 1.0.3, isl version isl-0.16.1-GMP

GGC heuristics: --param ggc-min-expand=100 --param ggc-min-heapsize=131072
Compiler executable checksum: bb49781fc3bad7b656b346aac5576490
COLLECT_GCC_OPTIONS='-v' '-o' 'CMakeFiles/cmTC_4e516.dir/CMakeCCompilerABI.c.o' '-c' '-I' '/soft/libraries/mpi/mvapich2-2.2/gcc/include' '-mtune=generic' '-march=x86-64'
 as -v -I /soft/libraries/mpi/mvapich2-2.2/gcc/include --64 -o CMakeFiles/cmTC_4e516.dir/CMakeCCompilerABI.c.o /tmp/ccuUwni1.s
GNU assembler version 2.27 (x86_64-redhat-linux) using BFD version version 2.27-44.base.el7
COMPILER_PATH=/soft/compilers/gcc/7.1.0/bin/../libexec/gcc/x86_64-pc-linux-gnu/7.1.0/:/soft/compilers/gcc/7.1.0/bin/../libexec/gcc/
LIBRARY_PATH=/soft/compilers/gcc/7.1.0/bin/../lib/gcc/x86_64-pc-linux-gnu/7.1.0/:/soft/compilers/gcc/7.1.0/bin/../lib/gcc/:/soft/compilers/gcc/7.1.0/bin/../lib/gcc/x86_64-pc-linux-gnu/7.1.0/../../../../lib64/:/lib/../lib64/:/usr/lib/../lib64/:./:/soft/compilers/gcc/7.1.0/bin/../lib/gcc/x86_64-pc-linux-gnu/7.1.0/../../../:/lib/:/usr/lib/
COLLECT_GCC_OPTIONS='-v' '-o' 'CMakeFiles/cmTC_4e516.dir/CMakeCCompilerABI.c.o' '-c' '-I' '/soft/libraries/mpi/mvapich2-2.2/gcc/include' '-mtune=generic' '-march=x86-64'
Linking C executable cmTC_4e516
/soft/buildtools/cmake/3.17.3/bin/cmake -E cmake_link_script CMakeFiles/cmTC_4e516.dir/link.txt --verbose=1
/soft/libraries/mpi/mvapich2/gcc/bin/mpicc     -v -rdynamic CMakeFiles/cmTC_4e516.dir/CMakeCCompilerABI.c.o  -o cmTC_4e516 
mpicc for MVAPICH2 version 2.2
Using built-in specs.
COLLECT_GCC=gcc
COLLECT_LTO_WRAPPER=/soft/compilers/gcc/7.1.0/bin/../libexec/gcc/x86_64-pc-linux-gnu/7.1.0/lto-wrapper
Target: x86_64-pc-linux-gnu
Configured with: ../gcc-7.1.0/configure --prefix=/gpfs/mira-fs0/software/x86_64/compilers/gcc/7.1.0 --disable-nls --enable-languages=c,c++,objc,obj-c++,fortran,lto --without-headers --disable-multilib --enable-lto --enable-checking=release --disable-libstdcxx-pch --with-system-zlib
Thread model: posix
gcc version 7.1.0 (GCC) 
COMPILER_PATH=/soft/compilers/gcc/7.1.0/bin/../libexec/gcc/x86_64-pc-linux-gnu/7.1.0/:/soft/compilers/gcc/7.1.0/bin/../libexec/gcc/
LIBRARY_PATH=/soft/compilers/gcc/7.1.0/bin/../lib/gcc/x86_64-pc-linux-gnu/7.1.0/:/soft/compilers/gcc/7.1.0/bin/../lib/gcc/:/soft/compilers/gcc/7.1.0/bin/../lib/gcc/x86_64-pc-linux-gnu/7.1.0/../../../../lib64/:/lib/../lib64/:/usr/lib/../lib64/:./:/soft/compilers/gcc/7.1.0/bin/../lib/gcc/x86_64-pc-linux-gnu/7.1.0/../../../:/lib/:/usr/lib/
COLLECT_GCC_OPTIONS='-v' '-rdynamic' '-o' 'cmTC_4e516' '-I' '/soft/libraries/mpi/mvapich2-2.2/gcc/include' '-L/soft/libraries/mpi/mvapich2-2.2/gcc/lib' '-mtune=generic' '-march=x86-64'
 /soft/compilers/gcc/7.1.0/bin/../libexec/gcc/x86_64-pc-linux-gnu/7.1.0/collect2 --eh-frame-hdr -m elf_x86_64 -export-dynamic -dynamic-linker /lib64/ld-linux-x86-64.so.2 -o cmTC_4e516 /lib/../lib64/crt1.o /lib/../lib64/crti.o /soft/compilers/gcc/7.1.0/bin/../lib/gcc/x86_64-pc-linux-gnu/7.1.0/crtbegin.o -L/soft/libraries/mpi/mvapich2-2.2/gcc/lib -L/soft/compilers/gcc/7.1.0/bin/../lib/gcc/x86_64-pc-linux-gnu/7.1.0 -L/soft/compilers/gcc/7.1.0/bin/../lib/gcc -L/soft/compilers/gcc/7.1.0/bin/../lib/gcc/x86_64-pc-linux-gnu/7.1.0/../../../../lib64 -L/lib/../lib64 -L/usr/lib/../lib64 -L. -L/soft/compilers/gcc/7.1.0/bin/../lib/gcc/x86_64-pc-linux-gnu/7.1.0/../../.. CMakeFiles/cmTC_4e516.dir/CMakeCCompilerABI.c.o -rpath /soft/libraries/mpi/mvapich2-2.2/gcc/lib --enable-new-dtags -lmpi -lgcc --as-needed -lgcc_s --no-as-needed -lc -lgcc --as-needed -lgcc_s --no-as-needed /soft/compilers/gcc/7.1.0/bin/../lib/gcc/x86_64-pc-linux-gnu/7.1.0/crtend.o /lib/../lib64/crtn.o
COLLECT_GCC_OPTIONS='-v' '-rdynamic' '-o' 'cmTC_4e516' '-I' '/soft/libraries/mpi/mvapich2-2.2/gcc/include' '-L/soft/libraries/mpi/mvapich2-2.2/gcc/lib' '-mtune=generic' '-march=x86-64'
gmake[1]: Leaving directory `/gpfs/mira-home/abucaro/BloodFlow/examples/embolism/buld/CMakeFiles/CMakeTmp'



Parsed C implicit include dir info from above output: rv=done
  found start of include info
  found start of implicit include info
    add: [/soft/libraries/mpi/mvapich2-2.2/gcc/include]
    add: [/soft/compilers/gcc/7.1.0/bin/../lib/gcc/x86_64-pc-linux-gnu/7.1.0/include]
    add: [/soft/compilers/gcc/7.1.0/bin/../lib/gcc/x86_64-pc-linux-gnu/7.1.0/include-fixed]
    add: [/usr/local/include]
    add: [/soft/compilers/gcc/7.1.0/bin/../lib/gcc/../../include]
    add: [/usr/include]
  end of search list found
  collapse include dir [/soft/libraries/mpi/mvapich2-2.2/gcc/include] ==> [/soft/libraries/mpi/mvapich2-2.2/gcc/include]
  collapse include dir [/soft/compilers/gcc/7.1.0/bin/../lib/gcc/x86_64-pc-linux-gnu/7.1.0/include] ==> [/soft/compilers/gcc/7.1.0/lib/gcc/x86_64-pc-linux-gnu/7.1.0/include]
  collapse include dir [/soft/compilers/gcc/7.1.0/bin/../lib/gcc/x86_64-pc-linux-gnu/7.1.0/include-fixed] ==> [/soft/compilers/gcc/7.1.0/lib/gcc/x86_64-pc-linux-gnu/7.1.0/include-fixed]
  collapse include dir [/usr/local/include] ==> [/usr/local/include]
  collapse include dir [/soft/compilers/gcc/7.1.0/bin/../lib/gcc/../../include] ==> [/soft/compilers/gcc/7.1.0/include]
  collapse include dir [/usr/include] ==> [/usr/include]
  implicit include dirs: [/soft/libraries/mpi/mvapich2-2.2/gcc/include;/soft/compilers/gcc/7.1.0/lib/gcc/x86_64-pc-linux-gnu/7.1.0/include;/soft/compilers/gcc/7.1.0/lib/gcc/x86_64-pc-linux-gnu/7.1.0/include-fixed;/usr/local/include;/soft/compilers/gcc/7.1.0/include;/usr/include]


Parsed C implicit link information from above output:
  link line regex: [^( *|.*[/\])(ld|CMAKE_LINK_STARTFILE-NOTFOUND|([^/\]+-)?ld|collect2)[^/\]*( |$)]
  ignore line: [Change Dir: /home/abucaro/BloodFlow/examples/embolism/buld/CMakeFiles/CMakeTmp]
  ignore line: []
  ignore line: [Run Build Command(s):/bin/gmake cmTC_4e516/fast && /bin/gmake  -f CMakeFiles/cmTC_4e516.dir/build.make CMakeFiles/cmTC_4e516.dir/build]
  ignore line: [gmake[1]: Entering directory `/gpfs/mira-home/abucaro/BloodFlow/examples/embolism/buld/CMakeFiles/CMakeTmp']
  ignore line: [Building C object CMakeFiles/cmTC_4e516.dir/CMakeCCompilerABI.c.o]
  ignore line: [/soft/libraries/mpi/mvapich2/gcc/bin/mpicc   -v -o CMakeFiles/cmTC_4e516.dir/CMakeCCompilerABI.c.o   -c /soft/buildtools/cmake/3.17.3/share/cmake-3.17/Modules/CMakeCCompilerABI.c]
  ignore line: [mpicc for MVAPICH2 version 2.2]
  ignore line: [Using built-in specs.]
  ignore line: [COLLECT_GCC=gcc]
  ignore line: [Target: x86_64-pc-linux-gnu]
  ignore line: [Configured with: ../gcc-7.1.0/configure --prefix=/gpfs/mira-fs0/software/x86_64/compilers/gcc/7.1.0 --disable-nls --enable-languages=c c++ objc obj-c++ fortran lto --without-headers --disable-multilib --enable-lto --enable-checking=release --disable-libstdcxx-pch --with-system-zlib]
  ignore line: [Thread model: posix]
  ignore line: [gcc version 7.1.0 (GCC) ]
  ignore line: [COLLECT_GCC_OPTIONS='-v' '-o' 'CMakeFiles/cmTC_4e516.dir/CMakeCCompilerABI.c.o' '-c' '-I' '/soft/libraries/mpi/mvapich2-2.2/gcc/include' '-mtune=generic' '-march=x86-64']
  ignore line: [ /soft/compilers/gcc/7.1.0/bin/../libexec/gcc/x86_64-pc-linux-gnu/7.1.0/cc1 -quiet -v -I /soft/libraries/mpi/mvapich2-2.2/gcc/include -iprefix /soft/compilers/gcc/7.1.0/bin/../lib/gcc/x86_64-pc-linux-gnu/7.1.0/ /soft/buildtools/cmake/3.17.3/share/cmake-3.17/Modules/CMakeCCompilerABI.c -quiet -dumpbase CMakeCCompilerABI.c -mtune=generic -march=x86-64 -auxbase-strip CMakeFiles/cmTC_4e516.dir/CMakeCCompilerABI.c.o -version -o /tmp/ccuUwni1.s]
  ignore line: [GNU C11 (GCC) version 7.1.0 (x86_64-pc-linux-gnu)]
  ignore line: [	compiled by GNU C version 7.1.0  GMP version 6.1.0  MPFR version 3.1.4  MPC version 1.0.3  isl version isl-0.16.1-GMP]
  ignore line: []
  ignore line: [GGC heuristics: --param ggc-min-expand=100 --param ggc-min-heapsize=131072]
  ignore line: [ignoring nonexistent directory "/soft/compilers/gcc/7.1.0/bin/../lib/gcc/x86_64-pc-linux-gnu/7.1.0/../../../../x86_64-pc-linux-gnu/include"]
  ignore line: [ignoring duplicate directory "/soft/compilers/gcc/7.1.0/bin/../lib/gcc/../../lib/gcc/x86_64-pc-linux-gnu/7.1.0/include"]
  ignore line: [ignoring duplicate directory "/soft/compilers/gcc/7.1.0/bin/../lib/gcc/../../lib/gcc/x86_64-pc-linux-gnu/7.1.0/include-fixed"]
  ignore line: [ignoring nonexistent directory "/soft/compilers/gcc/7.1.0/bin/../lib/gcc/../../lib/gcc/x86_64-pc-linux-gnu/7.1.0/../../../../x86_64-pc-linux-gnu/include"]
  ignore line: [#include "..." search starts here:]
  ignore line: [#include <...> search starts here:]
  ignore line: [ /soft/libraries/mpi/mvapich2-2.2/gcc/include]
  ignore line: [ /soft/compilers/gcc/7.1.0/bin/../lib/gcc/x86_64-pc-linux-gnu/7.1.0/include]
  ignore line: [ /soft/compilers/gcc/7.1.0/bin/../lib/gcc/x86_64-pc-linux-gnu/7.1.0/include-fixed]
  ignore line: [ /usr/local/include]
  ignore line: [ /soft/compilers/gcc/7.1.0/bin/../lib/gcc/../../include]
  ignore line: [ /usr/include]
  ignore line: [End of search list.]
  ignore line: [GNU C11 (GCC) version 7.1.0 (x86_64-pc-linux-gnu)]
  ignore line: [	compiled by GNU C version 7.1.0  GMP version 6.1.0  MPFR version 3.1.4  MPC version 1.0.3  isl version isl-0.16.1-GMP]
  ignore line: []
  ignore line: [GGC heuristics: --param ggc-min-expand=100 --param ggc-min-heapsize=131072]
  ignore line: [Compiler executable checksum: bb49781fc3bad7b656b346aac5576490]
  ignore line: [COLLECT_GCC_OPTIONS='-v' '-o' 'CMakeFiles/cmTC_4e516.dir/CMakeCCompilerABI.c.o' '-c' '-I' '/soft/libraries/mpi/mvapich2-2.2/gcc/include' '-mtune=generic' '-march=x86-64']
  ignore line: [ as -v -I /soft/libraries/mpi/mvapich2-2.2/gcc/include --64 -o CMakeFiles/cmTC_4e516.dir/CMakeCCompilerABI.c.o /tmp/ccuUwni1.s]
  ignore line: [GNU assembler version 2.27 (x86_64-redhat-linux) using BFD version version 2.27-44.base.el7]
  ignore line: [COMPILER_PATH=/soft/compilers/gcc/7.1.0/bin/../libexec/gcc/x86_64-pc-linux-gnu/7.1.0/:/soft/compilers/gcc/7.1.0/bin/../libexec/gcc/]
  ignore line: [LIBRARY_PATH=/soft/compilers/gcc/7.1.0/bin/../lib/gcc/x86_64-pc-linux-gnu/7.1.0/:/soft/compilers/gcc/7.1.0/bin/../lib/gcc/:/soft/compilers/gcc/7.1.0/bin/../lib/gcc/x86_64-pc-linux-gnu/7.1.0/../../../../lib64/:/lib/../lib64/:/usr/lib/../lib64/:./:/soft/compilers/gcc/7.1.0/bin/../lib/gcc/x86_64-pc-linux-gnu/7.1.0/../../../:/lib/:/usr/lib/]
  ignore line: [COLLECT_GCC_OPTIONS='-v' '-o' 'CMakeFiles/cmTC_4e516.dir/CMakeCCompilerABI.c.o' '-c' '-I' '/soft/libraries/mpi/mvapich2-2.2/gcc/include' '-mtune=generic' '-march=x86-64']
  ignore line: [Linking C executable cmTC_4e516]
  ignore line: [/soft/buildtools/cmake/3.17.3/bin/cmake -E cmake_link_script CMakeFiles/cmTC_4e516.dir/link.txt --verbose=1]
  ignore line: [/soft/libraries/mpi/mvapich2/gcc/bin/mpicc     -v -rdynamic CMakeFiles/cmTC_4e516.dir/CMakeCCompilerABI.c.o  -o cmTC_4e516 ]
  ignore line: [mpicc for MVAPICH2 version 2.2]
  ignore line: [Using built-in specs.]
  ignore line: [COLLECT_GCC=gcc]
  ignore line: [COLLECT_LTO_WRAPPER=/soft/compilers/gcc/7.1.0/bin/../libexec/gcc/x86_64-pc-linux-gnu/7.1.0/lto-wrapper]
  ignore line: [Target: x86_64-pc-linux-gnu]
  ignore line: [Configured with: ../gcc-7.1.0/configure --prefix=/gpfs/mira-fs0/software/x86_64/compilers/gcc/7.1.0 --disable-nls --enable-languages=c c++ objc obj-c++ fortran lto --without-headers --disable-multilib --enable-lto --enable-checking=release --disable-libstdcxx-pch --with-system-zlib]
  ignore line: [Thread model: posix]
  ignore line: [gcc version 7.1.0 (GCC) ]
  ignore line: [COMPILER_PATH=/soft/compilers/gcc/7.1.0/bin/../libexec/gcc/x86_64-pc-linux-gnu/7.1.0/:/soft/compilers/gcc/7.1.0/bin/../libexec/gcc/]
  ignore line: [LIBRARY_PATH=/soft/compilers/gcc/7.1.0/bin/../lib/gcc/x86_64-pc-linux-gnu/7.1.0/:/soft/compilers/gcc/7.1.0/bin/../lib/gcc/:/soft/compilers/gcc/7.1.0/bin/../lib/gcc/x86_64-pc-linux-gnu/7.1.0/../../../../lib64/:/lib/../lib64/:/usr/lib/../lib64/:./:/soft/compilers/gcc/7.1.0/bin/../lib/gcc/x86_64-pc-linux-gnu/7.1.0/../../../:/lib/:/usr/lib/]
  ignore line: [COLLECT_GCC_OPTIONS='-v' '-rdynamic' '-o' 'cmTC_4e516' '-I' '/soft/libraries/mpi/mvapich2-2.2/gcc/include' '-L/soft/libraries/mpi/mvapich2-2.2/gcc/lib' '-mtune=generic' '-march=x86-64']
  link line: [ /soft/compilers/gcc/7.1.0/bin/../libexec/gcc/x86_64-pc-linux-gnu/7.1.0/collect2 --eh-frame-hdr -m elf_x86_64 -export-dynamic -dynamic-linker /lib64/ld-linux-x86-64.so.2 -o cmTC_4e516 /lib/../lib64/crt1.o /lib/../lib64/crti.o /soft/compilers/gcc/7.1.0/bin/../lib/gcc/x86_64-pc-linux-gnu/7.1.0/crtbegin.o -L/soft/libraries/mpi/mvapich2-2.2/gcc/lib -L/soft/compilers/gcc/7.1.0/bin/../lib/gcc/x86_64-pc-linux-gnu/7.1.0 -L/soft/compilers/gcc/7.1.0/bin/../lib/gcc -L/soft/compilers/gcc/7.1.0/bin/../lib/gcc/x86_64-pc-linux-gnu/7.1.0/../../../../lib64 -L/lib/../lib64 -L/usr/lib/../lib64 -L. -L/soft/compilers/gcc/7.1.0/bin/../lib/gcc/x86_64-pc-linux-gnu/7.1.0/../../.. CMakeFiles/cmTC_4e516.dir/CMakeCCompilerABI.c.o -rpath /soft/libraries/mpi/mvapich2-2.2/gcc/lib --enable-new-dtags -lmpi -lgcc --as-needed -lgcc_s --no-as-needed -lc -lgcc --as-needed -lgcc_s --no-as-needed /soft/compilers/gcc/7.1.0/bin/../lib/gcc/x86_64-pc-linux-gnu/7.1.0/crtend.o /lib/../lib64/crtn.o]
    arg [/soft/compilers/gcc/7.1.0/bin/../libexec/gcc/x86_64-pc-linux-gnu/7.1.0/collect2] ==> ignore
    arg [--eh-frame-hdr] ==> ignore
    arg [-m] ==> ignore
    arg [elf_x86_64] ==> ignore
    arg [-export-dynamic] ==> ignore
    arg [-dynamic-linker] ==> ignore
    arg [/lib64/ld-linux-x86-64.so.2] ==> ignore
    arg [-o] ==> ignore
    arg [cmTC_4e516] ==> ignore
    arg [/lib/../lib64/crt1.o] ==> ignore
    arg [/lib/../lib64/crti.o] ==> ignore
    arg [/soft/compilers/gcc/7.1.0/bin/../lib/gcc/x86_64-pc-linux-gnu/7.1.0/crtbegin.o] ==> ignore
    arg [-L/soft/libraries/mpi/mvapich2-2.2/gcc/lib] ==> dir [/soft/libraries/mpi/mvapich2-2.2/gcc/lib]
    arg [-L/soft/compilers/gcc/7.1.0/bin/../lib/gcc/x86_64-pc-linux-gnu/7.1.0] ==> dir [/soft/compilers/gcc/7.1.0/bin/../lib/gcc/x86_64-pc-linux-gnu/7.1.0]
    arg [-L/soft/compilers/gcc/7.1.0/bin/../lib/gcc] ==> dir [/soft/compilers/gcc/7.1.0/bin/../lib/gcc]
    arg [-L/soft/compilers/gcc/7.1.0/bin/../lib/gcc/x86_64-pc-linux-gnu/7.1.0/../../../../lib64] ==> dir [/soft/compilers/gcc/7.1.0/bin/../lib/gcc/x86_64-pc-linux-gnu/7.1.0/../../../../lib64]
    arg [-L/lib/../lib64] ==> dir [/lib/../lib64]
    arg [-L/usr/lib/../lib64] ==> dir [/usr/lib/../lib64]
    arg [-L.] ==> ignore
    arg [-L/soft/compilers/gcc/7.1.0/bin/../lib/gcc/x86_64-pc-linux-gnu/7.1.0/../../..] ==> dir [/soft/compilers/gcc/7.1.0/bin/../lib/gcc/x86_64-pc-linux-gnu/7.1.0/../../..]
    arg [CMakeFiles/cmTC_4e516.dir/CMakeCCompilerABI.c.o] ==> ignore
    arg [-rpath] ==> ignore
    arg [/soft/libraries/mpi/mvapich2-2.2/gcc/lib] ==> ignore
    arg [--enable-new-dtags] ==> ignore
    arg [-lmpi] ==> lib [mpi]
    arg [-lgcc] ==> lib [gcc]
    arg [--as-needed] ==> ignore
    arg [-lgcc_s] ==> lib [gcc_s]
    arg [--no-as-needed] ==> ignore
    arg [-lc] ==> lib [c]
    arg [-lgcc] ==> lib [gcc]
    arg [--as-needed] ==> ignore
    arg [-lgcc_s] ==> lib [gcc_s]
    arg [--no-as-needed] ==> ignore
    arg [/soft/compilers/gcc/7.1.0/bin/../lib/gcc/x86_64-pc-linux-gnu/7.1.0/crtend.o] ==> ignore
    arg [/lib/../lib64/crtn.o] ==> ignore
  collapse library dir [/soft/libraries/mpi/mvapich2-2.2/gcc/lib] ==> [/soft/libraries/mpi/mvapich2-2.2/gcc/lib]
  collapse library dir [/soft/compilers/gcc/7.1.0/bin/../lib/gcc/x86_64-pc-linux-gnu/7.1.0] ==> [/soft/compilers/gcc/7.1.0/lib/gcc/x86_64-pc-linux-gnu/7.1.0]
  collapse library dir [/soft/compilers/gcc/7.1.0/bin/../lib/gcc] ==> [/soft/compilers/gcc/7.1.0/lib/gcc]
  collapse library dir [/soft/compilers/gcc/7.1.0/bin/../lib/gcc/x86_64-pc-linux-gnu/7.1.0/../../../../lib64] ==> [/soft/compilers/gcc/7.1.0/lib64]
  collapse library dir [/lib/../lib64] ==> [/lib64]
  collapse library dir [/usr/lib/../lib64] ==> [/usr/lib64]
  collapse library dir [/soft/compilers/gcc/7.1.0/bin/../lib/gcc/x86_64-pc-linux-gnu/7.1.0/../../..] ==> [/soft/compilers/gcc/7.1.0/lib]
  implicit libs: [mpi;gcc;gcc_s;c;gcc;gcc_s]
  implicit dirs: [/soft/libraries/mpi/mvapich2-2.2/gcc/lib;/soft/compilers/gcc/7.1.0/lib/gcc/x86_64-pc-linux-gnu/7.1.0;/soft/compilers/gcc/7.1.0/lib/gcc;/soft/compilers/gcc/7.1.0/lib64;/lib64;/usr/lib64;/soft/compilers/gcc/7.1.0/lib]
  implicit fwks: []


Determining if the CXX compiler works passed with the following output:
Change Dir: /home/abucaro/BloodFlow/examples/embolism/buld/CMakeFiles/CMakeTmp

Run Build Command(s):/bin/gmake cmTC_26b5c/fast && /bin/gmake  -f CMakeFiles/cmTC_26b5c.dir/build.make CMakeFiles/cmTC_26b5c.dir/build
gmake[1]: Entering directory `/gpfs/mira-home/abucaro/BloodFlow/examples/embolism/buld/CMakeFiles/CMakeTmp'
Building CXX object CMakeFiles/cmTC_26b5c.dir/testCXXCompiler.cxx.o
/soft/compilers/gcc/7.1.0/bin/c++     -o CMakeFiles/cmTC_26b5c.dir/testCXXCompiler.cxx.o -c /home/abucaro/BloodFlow/examples/embolism/buld/CMakeFiles/CMakeTmp/testCXXCompiler.cxx
Linking CXX executable cmTC_26b5c
/soft/buildtools/cmake/3.17.3/bin/cmake -E cmake_link_script CMakeFiles/cmTC_26b5c.dir/link.txt --verbose=1
/soft/compilers/gcc/7.1.0/bin/c++       -rdynamic CMakeFiles/cmTC_26b5c.dir/testCXXCompiler.cxx.o  -o cmTC_26b5c 
gmake[1]: Leaving directory `/gpfs/mira-home/abucaro/BloodFlow/examples/embolism/buld/CMakeFiles/CMakeTmp'



Detecting CXX compiler ABI info compiled with the following output:
Change Dir: /home/abucaro/BloodFlow/examples/embolism/buld/CMakeFiles/CMakeTmp

Run Build Command(s):/bin/gmake cmTC_a9ac3/fast && /bin/gmake  -f CMakeFiles/cmTC_a9ac3.dir/build.make CMakeFiles/cmTC_a9ac3.dir/build
gmake[1]: Entering directory `/gpfs/mira-home/abucaro/BloodFlow/examples/embolism/buld/CMakeFiles/CMakeTmp'
Building CXX object CMakeFiles/cmTC_a9ac3.dir/CMakeCXXCompilerABI.cpp.o
/soft/compilers/gcc/7.1.0/bin/c++    -v -o CMakeFiles/cmTC_a9ac3.dir/CMakeCXXCompilerABI.cpp.o -c /soft/buildtools/cmake/3.17.3/share/cmake-3.17/Modules/CMakeCXXCompilerABI.cpp
Using built-in specs.
COLLECT_GCC=/soft/compilers/gcc/7.1.0/bin/c++
Target: x86_64-pc-linux-gnu
Configured with: ../gcc-7.1.0/configure --prefix=/gpfs/mira-fs0/software/x86_64/compilers/gcc/7.1.0 --disable-nls --enable-languages=c,c++,objc,obj-c++,fortran,lto --without-headers --disable-multilib --enable-lto --enable-checking=release --disable-libstdcxx-pch --with-system-zlib
Thread model: posix
gcc version 7.1.0 (GCC) 
COLLECT_GCC_OPTIONS='-v' '-o' 'CMakeFiles/cmTC_a9ac3.dir/CMakeCXXCompilerABI.cpp.o' '-c' '-shared-libgcc' '-mtune=generic' '-march=x86-64'
 /soft/compilers/gcc/7.1.0/bin/../libexec/gcc/x86_64-pc-linux-gnu/7.1.0/cc1plus -quiet -v -iprefix /soft/compilers/gcc/7.1.0/bin/../lib/gcc/x86_64-pc-linux-gnu/7.1.0/ -D_GNU_SOURCE /soft/buildtools/cmake/3.17.3/share/cmake-3.17/Modules/CMakeCXXCompilerABI.cpp -quiet -dumpbase CMakeCXXCompilerABI.cpp -mtune=generic -march=x86-64 -auxbase-strip CMakeFiles/cmTC_a9ac3.dir/CMakeCXXCompilerABI.cpp.o -version -o /tmp/ccOvEh6t.s
GNU C++14 (GCC) version 7.1.0 (x86_64-pc-linux-gnu)
	compiled by GNU C version 7.1.0, GMP version 6.1.0, MPFR version 3.1.4, MPC version 1.0.3, isl version isl-0.16.1-GMP

GGC heuristics: --param ggc-min-expand=100 --param ggc-min-heapsize=131072
ignoring nonexistent directory "/soft/compilers/gcc/7.1.0/bin/../lib/gcc/x86_64-pc-linux-gnu/7.1.0/../../../../x86_64-pc-linux-gnu/include"
ignoring duplicate directory "/soft/compilers/gcc/7.1.0/bin/../lib/gcc/../../lib/gcc/x86_64-pc-linux-gnu/7.1.0/../../../../include/c++/7.1.0"
ignoring duplicate directory "/soft/compilers/gcc/7.1.0/bin/../lib/gcc/../../lib/gcc/x86_64-pc-linux-gnu/7.1.0/../../../../include/c++/7.1.0/x86_64-pc-linux-gnu"
ignoring duplicate directory "/soft/compilers/gcc/7.1.0/bin/../lib/gcc/../../lib/gcc/x86_64-pc-linux-gnu/7.1.0/../../../../include/c++/7.1.0/backward"
ignoring duplicate directory "/soft/compilers/gcc/7.1.0/bin/../lib/gcc/../../lib/gcc/x86_64-pc-linux-gnu/7.1.0/include"
ignoring duplicate directory "/soft/compilers/gcc/7.1.0/bin/../lib/gcc/../../lib/gcc/x86_64-pc-linux-gnu/7.1.0/include-fixed"
ignoring nonexistent directory "/soft/compilers/gcc/7.1.0/bin/../lib/gcc/../../lib/gcc/x86_64-pc-linux-gnu/7.1.0/../../../../x86_64-pc-linux-gnu/include"
#include "..." search starts here:
#include <...> search starts here:
 /soft/compilers/gcc/7.1.0/bin/../lib/gcc/x86_64-pc-linux-gnu/7.1.0/../../../../include/c++/7.1.0
 /soft/compilers/gcc/7.1.0/bin/../lib/gcc/x86_64-pc-linux-gnu/7.1.0/../../../../include/c++/7.1.0/x86_64-pc-linux-gnu
 /soft/compilers/gcc/7.1.0/bin/../lib/gcc/x86_64-pc-linux-gnu/7.1.0/../../../../include/c++/7.1.0/backward
 /soft/compilers/gcc/7.1.0/bin/../lib/gcc/x86_64-pc-linux-gnu/7.1.0/include
 /soft/compilers/gcc/7.1.0/bin/../lib/gcc/x86_64-pc-linux-gnu/7.1.0/include-fixed
 /usr/local/include
 /soft/compilers/gcc/7.1.0/bin/../lib/gcc/../../include
 /usr/include
End of search list.
GNU C++14 (GCC) version 7.1.0 (x86_64-pc-linux-gnu)
	compiled by GNU C version 7.1.0, GMP version 6.1.0, MPFR version 3.1.4, MPC version 1.0.3, isl version isl-0.16.1-GMP

GGC heuristics: --param ggc-min-expand=100 --param ggc-min-heapsize=131072
Compiler executable checksum: 31eb0fa16e8a846dc17f2573469671ef
COLLECT_GCC_OPTIONS='-v' '-o' 'CMakeFiles/cmTC_a9ac3.dir/CMakeCXXCompilerABI.cpp.o' '-c' '-shared-libgcc' '-mtune=generic' '-march=x86-64'
 as -v --64 -o CMakeFiles/cmTC_a9ac3.dir/CMakeCXXCompilerABI.cpp.o /tmp/ccOvEh6t.s
GNU assembler version 2.27 (x86_64-redhat-linux) using BFD version version 2.27-44.base.el7
COMPILER_PATH=/soft/compilers/gcc/7.1.0/bin/../libexec/gcc/x86_64-pc-linux-gnu/7.1.0/:/soft/compilers/gcc/7.1.0/bin/../libexec/gcc/
LIBRARY_PATH=/soft/compilers/gcc/7.1.0/bin/../lib/gcc/x86_64-pc-linux-gnu/7.1.0/:/soft/compilers/gcc/7.1.0/bin/../lib/gcc/:/soft/compilers/gcc/7.1.0/bin/../lib/gcc/x86_64-pc-linux-gnu/7.1.0/../../../../lib64/:/lib/../lib64/:/usr/lib/../lib64/:./:/soft/compilers/gcc/7.1.0/bin/../lib/gcc/x86_64-pc-linux-gnu/7.1.0/../../../:/lib/:/usr/lib/
COLLECT_GCC_OPTIONS='-v' '-o' 'CMakeFiles/cmTC_a9ac3.dir/CMakeCXXCompilerABI.cpp.o' '-c' '-shared-libgcc' '-mtune=generic' '-march=x86-64'
Linking CXX executable cmTC_a9ac3
/soft/buildtools/cmake/3.17.3/bin/cmake -E cmake_link_script CMakeFiles/cmTC_a9ac3.dir/link.txt --verbose=1
/soft/compilers/gcc/7.1.0/bin/c++      -v -rdynamic CMakeFiles/cmTC_a9ac3.dir/CMakeCXXCompilerABI.cpp.o  -o cmTC_a9ac3 
Using built-in specs.
COLLECT_GCC=/soft/compilers/gcc/7.1.0/bin/c++
COLLECT_LTO_WRAPPER=/soft/compilers/gcc/7.1.0/bin/../libexec/gcc/x86_64-pc-linux-gnu/7.1.0/lto-wrapper
Target: x86_64-pc-linux-gnu
Configured with: ../gcc-7.1.0/configure --prefix=/gpfs/mira-fs0/software/x86_64/compilers/gcc/7.1.0 --disable-nls --enable-languages=c,c++,objc,obj-c++,fortran,lto --without-headers --disable-multilib --enable-lto --enable-checking=release --disable-libstdcxx-pch --with-system-zlib
Thread model: posix
gcc version 7.1.0 (GCC) 
COMPILER_PATH=/soft/compilers/gcc/7.1.0/bin/../libexec/gcc/x86_64-pc-linux-gnu/7.1.0/:/soft/compilers/gcc/7.1.0/bin/../libexec/gcc/
LIBRARY_PATH=/soft/compilers/gcc/7.1.0/bin/../lib/gcc/x86_64-pc-linux-gnu/7.1.0/:/soft/compilers/gcc/7.1.0/bin/../lib/gcc/:/soft/compilers/gcc/7.1.0/bin/../lib/gcc/x86_64-pc-linux-gnu/7.1.0/../../../../lib64/:/lib/../lib64/:/usr/lib/../lib64/:./:/soft/compilers/gcc/7.1.0/bin/../lib/gcc/x86_64-pc-linux-gnu/7.1.0/../../../:/lib/:/usr/lib/
COLLECT_GCC_OPTIONS='-v' '-rdynamic' '-o' 'cmTC_a9ac3' '-shared-libgcc' '-mtune=generic' '-march=x86-64'
 /soft/compilers/gcc/7.1.0/bin/../libexec/gcc/x86_64-pc-linux-gnu/7.1.0/collect2 --eh-frame-hdr -m elf_x86_64 -export-dynamic -dynamic-linker /lib64/ld-linux-x86-64.so.2 -o cmTC_a9ac3 /lib/../lib64/crt1.o /lib/../lib64/crti.o /soft/compilers/gcc/7.1.0/bin/../lib/gcc/x86_64-pc-linux-gnu/7.1.0/crtbegin.o -L/soft/compilers/gcc/7.1.0/bin/../lib/gcc/x86_64-pc-linux-gnu/7.1.0 -L/soft/compilers/gcc/7.1.0/bin/../lib/gcc -L/soft/compilers/gcc/7.1.0/bin/../lib/gcc/x86_64-pc-linux-gnu/7.1.0/../../../../lib64 -L/lib/../lib64 -L/usr/lib/../lib64 -L. -L/soft/compilers/gcc/7.1.0/bin/../lib/gcc/x86_64-pc-linux-gnu/7.1.0/../../.. CMakeFiles/cmTC_a9ac3.dir/CMakeCXXCompilerABI.cpp.o -lstdc++ -lm -lgcc_s -lgcc -lc -lgcc_s -lgcc /soft/compilers/gcc/7.1.0/bin/../lib/gcc/x86_64-pc-linux-gnu/7.1.0/crtend.o /lib/../lib64/crtn.o
COLLECT_GCC_OPTIONS='-v' '-rdynamic' '-o' 'cmTC_a9ac3' '-shared-libgcc' '-mtune=generic' '-march=x86-64'
gmake[1]: Leaving directory `/gpfs/mira-home/abucaro/BloodFlow/examples/embolism/buld/CMakeFiles/CMakeTmp'



Parsed CXX implicit include dir info from above output: rv=done
  found start of include info
  found start of implicit include info
    add: [/soft/compilers/gcc/7.1.0/bin/../lib/gcc/x86_64-pc-linux-gnu/7.1.0/../../../../include/c++/7.1.0]
    add: [/soft/compilers/gcc/7.1.0/bin/../lib/gcc/x86_64-pc-linux-gnu/7.1.0/../../../../include/c++/7.1.0/x86_64-pc-linux-gnu]
    add: [/soft/compilers/gcc/7.1.0/bin/../lib/gcc/x86_64-pc-linux-gnu/7.1.0/../../../../include/c++/7.1.0/backward]
    add: [/soft/compilers/gcc/7.1.0/bin/../lib/gcc/x86_64-pc-linux-gnu/7.1.0/include]
    add: [/soft/compilers/gcc/7.1.0/bin/../lib/gcc/x86_64-pc-linux-gnu/7.1.0/include-fixed]
    add: [/usr/local/include]
    add: [/soft/compilers/gcc/7.1.0/bin/../lib/gcc/../../include]
    add: [/usr/include]
  end of search list found
  collapse include dir [/soft/compilers/gcc/7.1.0/bin/../lib/gcc/x86_64-pc-linux-gnu/7.1.0/../../../../include/c++/7.1.0] ==> [/soft/compilers/gcc/7.1.0/include/c++/7.1.0]
  collapse include dir [/soft/compilers/gcc/7.1.0/bin/../lib/gcc/x86_64-pc-linux-gnu/7.1.0/../../../../include/c++/7.1.0/x86_64-pc-linux-gnu] ==> [/soft/compilers/gcc/7.1.0/include/c++/7.1.0/x86_64-pc-linux-gnu]
  collapse include dir [/soft/compilers/gcc/7.1.0/bin/../lib/gcc/x86_64-pc-linux-gnu/7.1.0/../../../../include/c++/7.1.0/backward] ==> [/soft/compilers/gcc/7.1.0/include/c++/7.1.0/backward]
  collapse include dir [/soft/compilers/gcc/7.1.0/bin/../lib/gcc/x86_64-pc-linux-gnu/7.1.0/include] ==> [/soft/compilers/gcc/7.1.0/lib/gcc/x86_64-pc-linux-gnu/7.1.0/include]
  collapse include dir [/soft/compilers/gcc/7.1.0/bin/../lib/gcc/x86_64-pc-linux-gnu/7.1.0/include-fixed] ==> [/soft/compilers/gcc/7.1.0/lib/gcc/x86_64-pc-linux-gnu/7.1.0/include-fixed]
  collapse include dir [/usr/local/include] ==> [/usr/local/include]
  collapse include dir [/soft/compilers/gcc/7.1.0/bin/../lib/gcc/../../include] ==> [/soft/compilers/gcc/7.1.0/include]
  collapse include dir [/usr/include] ==> [/usr/include]
  implicit include dirs: [/soft/compilers/gcc/7.1.0/include/c++/7.1.0;/soft/compilers/gcc/7.1.0/include/c++/7.1.0/x86_64-pc-linux-gnu;/soft/compilers/gcc/7.1.0/include/c++/7.1.0/backward;/soft/compilers/gcc/7.1.0/lib/gcc/x86_64-pc-linux-gnu/7.1.0/include;/soft/compilers/gcc/7.1.0/lib/gcc/x86_64-pc-linux-gnu/7.1.0/include-fixed;/usr/local/include;/soft/compilers/gcc/7.1.0/include;/usr/include]


Parsed CXX implicit link information from above output:
  link line regex: [^( *|.*[/\])(ld|CMAKE_LINK_STARTFILE-NOTFOUND|([^/\]+-)?ld|collect2)[^/\]*( |$)]
  ignore line: [Change Dir: /home/abucaro/BloodFlow/examples/embolism/buld/CMakeFiles/CMakeTmp]
  ignore line: []
  ignore line: [Run Build Command(s):/bin/gmake cmTC_a9ac3/fast && /bin/gmake  -f CMakeFiles/cmTC_a9ac3.dir/build.make CMakeFiles/cmTC_a9ac3.dir/build]
  ignore line: [gmake[1]: Entering directory `/gpfs/mira-home/abucaro/BloodFlow/examples/embolism/buld/CMakeFiles/CMakeTmp']
  ignore line: [Building CXX object CMakeFiles/cmTC_a9ac3.dir/CMakeCXXCompilerABI.cpp.o]
  ignore line: [/soft/compilers/gcc/7.1.0/bin/c++    -v -o CMakeFiles/cmTC_a9ac3.dir/CMakeCXXCompilerABI.cpp.o -c /soft/buildtools/cmake/3.17.3/share/cmake-3.17/Modules/CMakeCXXCompilerABI.cpp]
  ignore line: [Using built-in specs.]
  ignore line: [COLLECT_GCC=/soft/compilers/gcc/7.1.0/bin/c++]
  ignore line: [Target: x86_64-pc-linux-gnu]
  ignore line: [Configured with: ../gcc-7.1.0/configure --prefix=/gpfs/mira-fs0/software/x86_64/compilers/gcc/7.1.0 --disable-nls --enable-languages=c c++ objc obj-c++ fortran lto --without-headers --disable-multilib --enable-lto --enable-checking=release --disable-libstdcxx-pch --with-system-zlib]
  ignore line: [Thread model: posix]
  ignore line: [gcc version 7.1.0 (GCC) ]
  ignore line: [COLLECT_GCC_OPTIONS='-v' '-o' 'CMakeFiles/cmTC_a9ac3.dir/CMakeCXXCompilerABI.cpp.o' '-c' '-shared-libgcc' '-mtune=generic' '-march=x86-64']
  ignore line: [ /soft/compilers/gcc/7.1.0/bin/../libexec/gcc/x86_64-pc-linux-gnu/7.1.0/cc1plus -quiet -v -iprefix /soft/compilers/gcc/7.1.0/bin/../lib/gcc/x86_64-pc-linux-gnu/7.1.0/ -D_GNU_SOURCE /soft/buildtools/cmake/3.17.3/share/cmake-3.17/Modules/CMakeCXXCompilerABI.cpp -quiet -dumpbase CMakeCXXCompilerABI.cpp -mtune=generic -march=x86-64 -auxbase-strip CMakeFiles/cmTC_a9ac3.dir/CMakeCXXCompilerABI.cpp.o -version -o /tmp/ccOvEh6t.s]
  ignore line: [GNU C++14 (GCC) version 7.1.0 (x86_64-pc-linux-gnu)]
  ignore line: [	compiled by GNU C version 7.1.0  GMP version 6.1.0  MPFR version 3.1.4  MPC version 1.0.3  isl version isl-0.16.1-GMP]
  ignore line: []
  ignore line: [GGC heuristics: --param ggc-min-expand=100 --param ggc-min-heapsize=131072]
  ignore line: [ignoring nonexistent directory "/soft/compilers/gcc/7.1.0/bin/../lib/gcc/x86_64-pc-linux-gnu/7.1.0/../../../../x86_64-pc-linux-gnu/include"]
  ignore line: [ignoring duplicate directory "/soft/compilers/gcc/7.1.0/bin/../lib/gcc/../../lib/gcc/x86_64-pc-linux-gnu/7.1.0/../../../../include/c++/7.1.0"]
  ignore line: [ignoring duplicate directory "/soft/compilers/gcc/7.1.0/bin/../lib/gcc/../../lib/gcc/x86_64-pc-linux-gnu/7.1.0/../../../../include/c++/7.1.0/x86_64-pc-linux-gnu"]
  ignore line: [ignoring duplicate directory "/soft/compilers/gcc/7.1.0/bin/../lib/gcc/../../lib/gcc/x86_64-pc-linux-gnu/7.1.0/../../../../include/c++/7.1.0/backward"]
  ignore line: [ignoring duplicate directory "/soft/compilers/gcc/7.1.0/bin/../lib/gcc/../../lib/gcc/x86_64-pc-linux-gnu/7.1.0/include"]
  ignore line: [ignoring duplicate directory "/soft/compilers/gcc/7.1.0/bin/../lib/gcc/../../lib/gcc/x86_64-pc-linux-gnu/7.1.0/include-fixed"]
  ignore line: [ignoring nonexistent directory "/soft/compilers/gcc/7.1.0/bin/../lib/gcc/../../lib/gcc/x86_64-pc-linux-gnu/7.1.0/../../../../x86_64-pc-linux-gnu/include"]
  ignore line: [#include "..." search starts here:]
  ignore line: [#include <...> search starts here:]
  ignore line: [ /soft/compilers/gcc/7.1.0/bin/../lib/gcc/x86_64-pc-linux-gnu/7.1.0/../../../../include/c++/7.1.0]
  ignore line: [ /soft/compilers/gcc/7.1.0/bin/../lib/gcc/x86_64-pc-linux-gnu/7.1.0/../../../../include/c++/7.1.0/x86_64-pc-linux-gnu]
  ignore line: [ /soft/compilers/gcc/7.1.0/bin/../lib/gcc/x86_64-pc-linux-gnu/7.1.0/../../../../include/c++/7.1.0/backward]
  ignore line: [ /soft/compilers/gcc/7.1.0/bin/../lib/gcc/x86_64-pc-linux-gnu/7.1.0/include]
  ignore line: [ /soft/compilers/gcc/7.1.0/bin/../lib/gcc/x86_64-pc-linux-gnu/7.1.0/include-fixed]
  ignore line: [ /usr/local/include]
  ignore line: [ /soft/compilers/gcc/7.1.0/bin/../lib/gcc/../../include]
  ignore line: [ /usr/include]
  ignore line: [End of search list.]
  ignore line: [GNU C++14 (GCC) version 7.1.0 (x86_64-pc-linux-gnu)]
  ignore line: [	compiled by GNU C version 7.1.0  GMP version 6.1.0  MPFR version 3.1.4  MPC version 1.0.3  isl version isl-0.16.1-GMP]
  ignore line: []
  ignore line: [GGC heuristics: --param ggc-min-expand=100 --param ggc-min-heapsize=131072]
  ignore line: [Compiler executable checksum: 31eb0fa16e8a846dc17f2573469671ef]
  ignore line: [COLLECT_GCC_OPTIONS='-v' '-o' 'CMakeFiles/cmTC_a9ac3.dir/CMakeCXXCompilerABI.cpp.o' '-c' '-shared-libgcc' '-mtune=generic' '-march=x86-64']
  ignore line: [ as -v --64 -o CMakeFiles/cmTC_a9ac3.dir/CMakeCXXCompilerABI.cpp.o /tmp/ccOvEh6t.s]
  ignore line: [GNU assembler version 2.27 (x86_64-redhat-linux) using BFD version version 2.27-44.base.el7]
  ignore line: [COMPILER_PATH=/soft/compilers/gcc/7.1.0/bin/../libexec/gcc/x86_64-pc-linux-gnu/7.1.0/:/soft/compilers/gcc/7.1.0/bin/../libexec/gcc/]
  ignore line: [LIBRARY_PATH=/soft/compilers/gcc/7.1.0/bin/../lib/gcc/x86_64-pc-linux-gnu/7.1.0/:/soft/compilers/gcc/7.1.0/bin/../lib/gcc/:/soft/compilers/gcc/7.1.0/bin/../lib/gcc/x86_64-pc-linux-gnu/7.1.0/../../../../lib64/:/lib/../lib64/:/usr/lib/../lib64/:./:/soft/compilers/gcc/7.1.0/bin/../lib/gcc/x86_64-pc-linux-gnu/7.1.0/../../../:/lib/:/usr/lib/]
  ignore line: [COLLECT_GCC_OPTIONS='-v' '-o' 'CMakeFiles/cmTC_a9ac3.dir/CMakeCXXCompilerABI.cpp.o' '-c' '-shared-libgcc' '-mtune=generic' '-march=x86-64']
  ignore line: [Linking CXX executable cmTC_a9ac3]
  ignore line: [/soft/buildtools/cmake/3.17.3/bin/cmake -E cmake_link_script CMakeFiles/cmTC_a9ac3.dir/link.txt --verbose=1]
  ignore line: [/soft/compilers/gcc/7.1.0/bin/c++      -v -rdynamic CMakeFiles/cmTC_a9ac3.dir/CMakeCXXCompilerABI.cpp.o  -o cmTC_a9ac3 ]
  ignore line: [Using built-in specs.]
  ignore line: [COLLECT_GCC=/soft/compilers/gcc/7.1.0/bin/c++]
  ignore line: [COLLECT_LTO_WRAPPER=/soft/compilers/gcc/7.1.0/bin/../libexec/gcc/x86_64-pc-linux-gnu/7.1.0/lto-wrapper]
  ignore line: [Target: x86_64-pc-linux-gnu]
  ignore line: [Configured with: ../gcc-7.1.0/configure --prefix=/gpfs/mira-fs0/software/x86_64/compilers/gcc/7.1.0 --disable-nls --enable-languages=c c++ objc obj-c++ fortran lto --without-headers --disable-multilib --enable-lto --enable-checking=release --disable-libstdcxx-pch --with-system-zlib]
  ignore line: [Thread model: posix]
  ignore line: [gcc version 7.1.0 (GCC) ]
  ignore line: [COMPILER_PATH=/soft/compilers/gcc/7.1.0/bin/../libexec/gcc/x86_64-pc-linux-gnu/7.1.0/:/soft/compilers/gcc/7.1.0/bin/../libexec/gcc/]
  ignore line: [LIBRARY_PATH=/soft/compilers/gcc/7.1.0/bin/../lib/gcc/x86_64-pc-linux-gnu/7.1.0/:/soft/compilers/gcc/7.1.0/bin/../lib/gcc/:/soft/compilers/gcc/7.1.0/bin/../lib/gcc/x86_64-pc-linux-gnu/7.1.0/../../../../lib64/:/lib/../lib64/:/usr/lib/../lib64/:./:/soft/compilers/gcc/7.1.0/bin/../lib/gcc/x86_64-pc-linux-gnu/7.1.0/../../../:/lib/:/usr/lib/]
  ignore line: [COLLECT_GCC_OPTIONS='-v' '-rdynamic' '-o' 'cmTC_a9ac3' '-shared-libgcc' '-mtune=generic' '-march=x86-64']
  link line: [ /soft/compilers/gcc/7.1.0/bin/../libexec/gcc/x86_64-pc-linux-gnu/7.1.0/collect2 --eh-frame-hdr -m elf_x86_64 -export-dynamic -dynamic-linker /lib64/ld-linux-x86-64.so.2 -o cmTC_a9ac3 /lib/../lib64/crt1.o /lib/../lib64/crti.o /soft/compilers/gcc/7.1.0/bin/../lib/gcc/x86_64-pc-linux-gnu/7.1.0/crtbegin.o -L/soft/compilers/gcc/7.1.0/bin/../lib/gcc/x86_64-pc-linux-gnu/7.1.0 -L/soft/compilers/gcc/7.1.0/bin/../lib/gcc -L/soft/compilers/gcc/7.1.0/bin/../lib/gcc/x86_64-pc-linux-gnu/7.1.0/../../../../lib64 -L/lib/../lib64 -L/usr/lib/../lib64 -L. -L/soft/compilers/gcc/7.1.0/bin/../lib/gcc/x86_64-pc-linux-gnu/7.1.0/../../.. CMakeFiles/cmTC_a9ac3.dir/CMakeCXXCompilerABI.cpp.o -lstdc++ -lm -lgcc_s -lgcc -lc -lgcc_s -lgcc /soft/compilers/gcc/7.1.0/bin/../lib/gcc/x86_64-pc-linux-gnu/7.1.0/crtend.o /lib/../lib64/crtn.o]
    arg [/soft/compilers/gcc/7.1.0/bin/../libexec/gcc/x86_64-pc-linux-gnu/7.1.0/collect2] ==> ignore
    arg [--eh-frame-hdr] ==> ignore
    arg [-m] ==> ignore
    arg [elf_x86_64] ==> ignore
    arg [-export-dynamic] ==> ignore
    arg [-dynamic-linker] ==> ignore
    arg [/lib64/ld-linux-x86-64.so.2] ==> ignore
    arg [-o] ==> ignore
    arg [cmTC_a9ac3] ==> ignore
    arg [/lib/../lib64/crt1.o] ==> ignore
    arg [/lib/../lib64/crti.o] ==> ignore
    arg [/soft/compilers/gcc/7.1.0/bin/../lib/gcc/x86_64-pc-linux-gnu/7.1.0/crtbegin.o] ==> ignore
    arg [-L/soft/compilers/gcc/7.1.0/bin/../lib/gcc/x86_64-pc-linux-gnu/7.1.0] ==> dir [/soft/compilers/gcc/7.1.0/bin/../lib/gcc/x86_64-pc-linux-gnu/7.1.0]
    arg [-L/soft/compilers/gcc/7.1.0/bin/../lib/gcc] ==> dir [/soft/compilers/gcc/7.1.0/bin/../lib/gcc]
    arg [-L/soft/compilers/gcc/7.1.0/bin/../lib/gcc/x86_64-pc-linux-gnu/7.1.0/../../../../lib64] ==> dir [/soft/compilers/gcc/7.1.0/bin/../lib/gcc/x86_64-pc-linux-gnu/7.1.0/../../../../lib64]
    arg [-L/lib/../lib64] ==> dir [/lib/../lib64]
    arg [-L/usr/lib/../lib64] ==> dir [/usr/lib/../lib64]
    arg [-L.] ==> ignore
    arg [-L/soft/compilers/gcc/7.1.0/bin/../lib/gcc/x86_64-pc-linux-gnu/7.1.0/../../..] ==> dir [/soft/compilers/gcc/7.1.0/bin/../lib/gcc/x86_64-pc-linux-gnu/7.1.0/../../..]
    arg [CMakeFiles/cmTC_a9ac3.dir/CMakeCXXCompilerABI.cpp.o] ==> ignore
    arg [-lstdc++] ==> lib [stdc++]
    arg [-lm] ==> lib [m]
    arg [-lgcc_s] ==> lib [gcc_s]
    arg [-lgcc] ==> lib [gcc]
    arg [-lc] ==> lib [c]
    arg [-lgcc_s] ==> lib [gcc_s]
    arg [-lgcc] ==> lib [gcc]
    arg [/soft/compilers/gcc/7.1.0/bin/../lib/gcc/x86_64-pc-linux-gnu/7.1.0/crtend.o] ==> ignore
    arg [/lib/../lib64/crtn.o] ==> ignore
  collapse library dir [/soft/compilers/gcc/7.1.0/bin/../lib/gcc/x86_64-pc-linux-gnu/7.1.0] ==> [/soft/compilers/gcc/7.1.0/lib/gcc/x86_64-pc-linux-gnu/7.1.0]
  collapse library dir [/soft/compilers/gcc/7.1.0/bin/../lib/gcc] ==> [/soft/compilers/gcc/7.1.0/lib/gcc]
  collapse library dir [/soft/compilers/gcc/7.1.0/bin/../lib/gcc/x86_64-pc-linux-gnu/7.1.0/../../../../lib64] ==> [/soft/compilers/gcc/7.1.0/lib64]
  collapse library dir [/lib/../lib64] ==> [/lib64]
  collapse library dir [/usr/lib/../lib64] ==> [/usr/lib64]
  collapse library dir [/soft/compilers/gcc/7.1.0/bin/../lib/gcc/x86_64-pc-linux-gnu/7.1.0/../../..] ==> [/soft/compilers/gcc/7.1.0/lib]
  implicit libs: [stdc++;m;gcc_s;gcc;c;gcc_s;gcc]
  implicit dirs: [/soft/compilers/gcc/7.1.0/lib/gcc/x86_64-pc-linux-gnu/7.1.0;/soft/compilers/gcc/7.1.0/lib/gcc;/soft/compilers/gcc/7.1.0/lib64;/lib64;/usr/lib64;/soft/compilers/gcc/7.1.0/lib]
  implicit fwks: []


Determining if the include file pthread.h exists passed with the following output:
Change Dir: /home/abucaro/BloodFlow/examples/embolism/buld/CMakeFiles/CMakeTmp

Run Build Command(s):/bin/gmake cmTC_212bc/fast && /bin/gmake  -f CMakeFiles/cmTC_212bc.dir/build.make CMakeFiles/cmTC_212bc.dir/build
gmake[1]: Entering directory `/gpfs/mira-home/abucaro/BloodFlow/examples/embolism/buld/CMakeFiles/CMakeTmp'
Building C object CMakeFiles/cmTC_212bc.dir/CheckIncludeFile.c.o
/soft/libraries/mpi/mvapich2/gcc/bin/mpicc    -o CMakeFiles/cmTC_212bc.dir/CheckIncludeFile.c.o   -c /home/abucaro/BloodFlow/examples/embolism/buld/CMakeFiles/CMakeTmp/CheckIncludeFile.c
Linking C executable cmTC_212bc
/soft/buildtools/cmake/3.17.3/bin/cmake -E cmake_link_script CMakeFiles/cmTC_212bc.dir/link.txt --verbose=1
/soft/libraries/mpi/mvapich2/gcc/bin/mpicc      CMakeFiles/cmTC_212bc.dir/CheckIncludeFile.c.o  -o cmTC_212bc 
gmake[1]: Leaving directory `/gpfs/mira-home/abucaro/BloodFlow/examples/embolism/buld/CMakeFiles/CMakeTmp'



Determining if the function pthread_create exists in the pthread passed with the following output:
Change Dir: /home/abucaro/BloodFlow/examples/embolism/buld/CMakeFiles/CMakeTmp

Run Build Command(s):/bin/gmake cmTC_66472/fast && /bin/gmake  -f CMakeFiles/cmTC_66472.dir/build.make CMakeFiles/cmTC_66472.dir/build
gmake[1]: Entering directory `/gpfs/mira-home/abucaro/BloodFlow/examples/embolism/buld/CMakeFiles/CMakeTmp'
Building C object CMakeFiles/cmTC_66472.dir/CheckFunctionExists.c.o
/soft/libraries/mpi/mvapich2/gcc/bin/mpicc   -DCHECK_FUNCTION_EXISTS=pthread_create   -o CMakeFiles/cmTC_66472.dir/CheckFunctionExists.c.o   -c /soft/buildtools/cmake/3.17.3/share/cmake-3.17/Modules/CheckFunctionExists.c
Linking C executable cmTC_66472
/soft/buildtools/cmake/3.17.3/bin/cmake -E cmake_link_script CMakeFiles/cmTC_66472.dir/link.txt --verbose=1
/soft/libraries/mpi/mvapich2/gcc/bin/mpicc  -DCHECK_FUNCTION_EXISTS=pthread_create    CMakeFiles/cmTC_66472.dir/CheckFunctionExists.c.o  -o cmTC_66472  -lpthread 
gmake[1]: Leaving directory `/gpfs/mira-home/abucaro/BloodFlow/examples/embolism/buld/CMakeFiles/CMakeTmp'



Determining if the function XOpenDisplay exists in the /usr/lib64/libX11.so;/usr/lib64/libXext.so passed with the following output:
Change Dir: /home/abucaro/BloodFlow/examples/embolism/buld/CMakeFiles/CMakeTmp

Run Build Command(s):/bin/gmake cmTC_726f3/fast && /bin/gmake  -f CMakeFiles/cmTC_726f3.dir/build.make CMakeFiles/cmTC_726f3.dir/build
gmake[1]: Entering directory `/gpfs/mira-home/abucaro/BloodFlow/examples/embolism/buld/CMakeFiles/CMakeTmp'
Building C object CMakeFiles/cmTC_726f3.dir/CheckFunctionExists.c.o
/soft/libraries/mpi/mvapich2/gcc/bin/mpicc   -DCHECK_FUNCTION_EXISTS=XOpenDisplay   -o CMakeFiles/cmTC_726f3.dir/CheckFunctionExists.c.o   -c /soft/buildtools/cmake/3.17.3/share/cmake-3.17/Modules/CheckFunctionExists.c
Linking C executable cmTC_726f3
/soft/buildtools/cmake/3.17.3/bin/cmake -E cmake_link_script CMakeFiles/cmTC_726f3.dir/link.txt --verbose=1
/soft/libraries/mpi/mvapich2/gcc/bin/mpicc  -DCHECK_FUNCTION_EXISTS=XOpenDisplay    CMakeFiles/cmTC_726f3.dir/CheckFunctionExists.c.o  -o cmTC_726f3  /usr/lib64/libX11.so /usr/lib64/libXext.so 
gmake[1]: Leaving directory `/gpfs/mira-home/abucaro/BloodFlow/examples/embolism/buld/CMakeFiles/CMakeTmp'



Determining if the function gethostbyname exists passed with the following output:
Change Dir: /home/abucaro/BloodFlow/examples/embolism/buld/CMakeFiles/CMakeTmp

Run Build Command(s):/bin/gmake cmTC_e42d2/fast && /bin/gmake  -f CMakeFiles/cmTC_e42d2.dir/build.make CMakeFiles/cmTC_e42d2.dir/build
gmake[1]: Entering directory `/gpfs/mira-home/abucaro/BloodFlow/examples/embolism/buld/CMakeFiles/CMakeTmp'
Building C object CMakeFiles/cmTC_e42d2.dir/CheckFunctionExists.c.o
/soft/libraries/mpi/mvapich2/gcc/bin/mpicc   -DCHECK_FUNCTION_EXISTS=gethostbyname   -o CMakeFiles/cmTC_e42d2.dir/CheckFunctionExists.c.o   -c /soft/buildtools/cmake/3.17.3/share/cmake-3.17/Modules/CheckFunctionExists.c
Linking C executable cmTC_e42d2
/soft/buildtools/cmake/3.17.3/bin/cmake -E cmake_link_script CMakeFiles/cmTC_e42d2.dir/link.txt --verbose=1
/soft/libraries/mpi/mvapich2/gcc/bin/mpicc  -DCHECK_FUNCTION_EXISTS=gethostbyname    CMakeFiles/cmTC_e42d2.dir/CheckFunctionExists.c.o  -o cmTC_e42d2 
gmake[1]: Leaving directory `/gpfs/mira-home/abucaro/BloodFlow/examples/embolism/buld/CMakeFiles/CMakeTmp'



Determining if the function connect exists passed with the following output:
Change Dir: /home/abucaro/BloodFlow/examples/embolism/buld/CMakeFiles/CMakeTmp

Run Build Command(s):/bin/gmake cmTC_29180/fast && /bin/gmake  -f CMakeFiles/cmTC_29180.dir/build.make CMakeFiles/cmTC_29180.dir/build
gmake[1]: Entering directory `/gpfs/mira-home/abucaro/BloodFlow/examples/embolism/buld/CMakeFiles/CMakeTmp'
Building C object CMakeFiles/cmTC_29180.dir/CheckFunctionExists.c.o
/soft/libraries/mpi/mvapich2/gcc/bin/mpicc   -DCHECK_FUNCTION_EXISTS=connect   -o CMakeFiles/cmTC_29180.dir/CheckFunctionExists.c.o   -c /soft/buildtools/cmake/3.17.3/share/cmake-3.17/Modules/CheckFunctionExists.c
Linking C executable cmTC_29180
/soft/buildtools/cmake/3.17.3/bin/cmake -E cmake_link_script CMakeFiles/cmTC_29180.dir/link.txt --verbose=1
/soft/libraries/mpi/mvapich2/gcc/bin/mpicc  -DCHECK_FUNCTION_EXISTS=connect    CMakeFiles/cmTC_29180.dir/CheckFunctionExists.c.o  -o cmTC_29180 
gmake[1]: Leaving directory `/gpfs/mira-home/abucaro/BloodFlow/examples/embolism/buld/CMakeFiles/CMakeTmp'



Determining if the function remove exists passed with the following output:
Change Dir: /home/abucaro/BloodFlow/examples/embolism/buld/CMakeFiles/CMakeTmp

Run Build Command(s):/bin/gmake cmTC_29420/fast && /bin/gmake  -f CMakeFiles/cmTC_29420.dir/build.make CMakeFiles/cmTC_29420.dir/build
gmake[1]: Entering directory `/gpfs/mira-home/abucaro/BloodFlow/examples/embolism/buld/CMakeFiles/CMakeTmp'
Building C object CMakeFiles/cmTC_29420.dir/CheckFunctionExists.c.o
/soft/libraries/mpi/mvapich2/gcc/bin/mpicc   -DCHECK_FUNCTION_EXISTS=remove   -o CMakeFiles/cmTC_29420.dir/CheckFunctionExists.c.o   -c /soft/buildtools/cmake/3.17.3/share/cmake-3.17/Modules/CheckFunctionExists.c
Linking C executable cmTC_29420
/soft/buildtools/cmake/3.17.3/bin/cmake -E cmake_link_script CMakeFiles/cmTC_29420.dir/link.txt --verbose=1
/soft/libraries/mpi/mvapich2/gcc/bin/mpicc  -DCHECK_FUNCTION_EXISTS=remove    CMakeFiles/cmTC_29420.dir/CheckFunctionExists.c.o  -o cmTC_29420 
gmake[1]: Leaving directory `/gpfs/mira-home/abucaro/BloodFlow/examples/embolism/buld/CMakeFiles/CMakeTmp'



Determining if the function shmat exists passed with the following output:
Change Dir: /home/abucaro/BloodFlow/examples/embolism/buld/CMakeFiles/CMakeTmp

Run Build Command(s):/bin/gmake cmTC_66365/fast && /bin/gmake  -f CMakeFiles/cmTC_66365.dir/build.make CMakeFiles/cmTC_66365.dir/build
gmake[1]: Entering directory `/gpfs/mira-home/abucaro/BloodFlow/examples/embolism/buld/CMakeFiles/CMakeTmp'
Building C object CMakeFiles/cmTC_66365.dir/CheckFunctionExists.c.o
/soft/libraries/mpi/mvapich2/gcc/bin/mpicc   -DCHECK_FUNCTION_EXISTS=shmat   -o CMakeFiles/cmTC_66365.dir/CheckFunctionExists.c.o   -c /soft/buildtools/cmake/3.17.3/share/cmake-3.17/Modules/CheckFunctionExists.c
Linking C executable cmTC_66365
/soft/buildtools/cmake/3.17.3/bin/cmake -E cmake_link_script CMakeFiles/cmTC_66365.dir/link.txt --verbose=1
/soft/libraries/mpi/mvapich2/gcc/bin/mpicc  -DCHECK_FUNCTION_EXISTS=shmat    CMakeFiles/cmTC_66365.dir/CheckFunctionExists.c.o  -o cmTC_66365 
gmake[1]: Leaving directory `/gpfs/mira-home/abucaro/BloodFlow/examples/embolism/buld/CMakeFiles/CMakeTmp'



Determining if the function IceConnectionNumber exists in the ICE passed with the following output:
Change Dir: /home/abucaro/BloodFlow/examples/embolism/buld/CMakeFiles/CMakeTmp

Run Build Command(s):/bin/gmake cmTC_9b13d/fast && /bin/gmake  -f CMakeFiles/cmTC_9b13d.dir/build.make CMakeFiles/cmTC_9b13d.dir/build
gmake[1]: Entering directory `/gpfs/mira-home/abucaro/BloodFlow/examples/embolism/buld/CMakeFiles/CMakeTmp'
Building C object CMakeFiles/cmTC_9b13d.dir/CheckFunctionExists.c.o
/soft/libraries/mpi/mvapich2/gcc/bin/mpicc   -DCHECK_FUNCTION_EXISTS=IceConnectionNumber   -o CMakeFiles/cmTC_9b13d.dir/CheckFunctionExists.c.o   -c /soft/buildtools/cmake/3.17.3/share/cmake-3.17/Modules/CheckFunctionExists.c
Linking C executable cmTC_9b13d
/soft/buildtools/cmake/3.17.3/bin/cmake -E cmake_link_script CMakeFiles/cmTC_9b13d.dir/link.txt --verbose=1
/soft/libraries/mpi/mvapich2/gcc/bin/mpicc  -DCHECK_FUNCTION_EXISTS=IceConnectionNumber    CMakeFiles/cmTC_9b13d.dir/CheckFunctionExists.c.o  -o cmTC_9b13d  -lICE 
gmake[1]: Leaving directory `/gpfs/mira-home/abucaro/BloodFlow/examples/embolism/buld/CMakeFiles/CMakeTmp'



