Performing C SOURCE FILE Test CMAKE_HAVE_LIBC_PTHREAD failed with the following output:
Change Dir: /home/abucaro/BloodFlow/examples/embolism/buld/CMakeFiles/CMakeTmp

Run Build Command(s):/bin/gmake cmTC_3e6e2/fast && /bin/gmake  -f CMakeFiles/cmTC_3e6e2.dir/build.make CMakeFiles/cmTC_3e6e2.dir/build
gmake[1]: Entering directory `/gpfs/mira-home/abucaro/BloodFlow/examples/embolism/buld/CMakeFiles/CMakeTmp'
Building C object CMakeFiles/cmTC_3e6e2.dir/src.c.o
/soft/libraries/mpi/mvapich2/gcc/bin/mpicc   -DCMAKE_HAVE_LIBC_PTHREAD   -o CMakeFiles/cmTC_3e6e2.dir/src.c.o   -c /home/abucaro/BloodFlow/examples/embolism/buld/CMakeFiles/CMakeTmp/src.c
Linking C executable cmTC_3e6e2
/soft/buildtools/cmake/3.17.3/bin/cmake -E cmake_link_script CMakeFiles/cmTC_3e6e2.dir/link.txt --verbose=1
/soft/libraries/mpi/mvapich2/gcc/bin/mpicc  -DCMAKE_HAVE_LIBC_PTHREAD    CMakeFiles/cmTC_3e6e2.dir/src.c.o  -o cmTC_3e6e2 
/bin/ld: CMakeFiles/cmTC_3e6e2.dir/src.c.o: undefined reference to symbol 'pthread_cancel@@GLIBC_2.2.5'
//usr/lib64/libpthread.so.0: error adding symbols: DSO missing from command line
collect2: error: ld returned 1 exit status
gmake[1]: *** [cmTC_3e6e2] Error 1
gmake[1]: Leaving directory `/gpfs/mira-home/abucaro/BloodFlow/examples/embolism/buld/CMakeFiles/CMakeTmp'
gmake: *** [cmTC_3e6e2/fast] Error 2


Source file was:
#include <pthread.h>

void* test_func(void* data)
{
  return data;
}

int main(void)
{
  pthread_t thread;
  pthread_create(&thread, NULL, test_func, NULL);
  pthread_detach(thread);
  pthread_cancel(thread);
  pthread_join(thread, NULL);
  pthread_atfork(NULL, NULL, NULL);
  pthread_exit(NULL);

  return 0;
}

Determining if the function pthread_create exists in the pthreads failed with the following output:
Change Dir: /home/abucaro/BloodFlow/examples/embolism/buld/CMakeFiles/CMakeTmp

Run Build Command(s):/bin/gmake cmTC_c7af0/fast && /bin/gmake  -f CMakeFiles/cmTC_c7af0.dir/build.make CMakeFiles/cmTC_c7af0.dir/build
gmake[1]: Entering directory `/gpfs/mira-home/abucaro/BloodFlow/examples/embolism/buld/CMakeFiles/CMakeTmp'
Building C object CMakeFiles/cmTC_c7af0.dir/CheckFunctionExists.c.o
/soft/libraries/mpi/mvapich2/gcc/bin/mpicc   -DCHECK_FUNCTION_EXISTS=pthread_create   -o CMakeFiles/cmTC_c7af0.dir/CheckFunctionExists.c.o   -c /soft/buildtools/cmake/3.17.3/share/cmake-3.17/Modules/CheckFunctionExists.c
Linking C executable cmTC_c7af0
/soft/buildtools/cmake/3.17.3/bin/cmake -E cmake_link_script CMakeFiles/cmTC_c7af0.dir/link.txt --verbose=1
/soft/libraries/mpi/mvapich2/gcc/bin/mpicc  -DCHECK_FUNCTION_EXISTS=pthread_create    CMakeFiles/cmTC_c7af0.dir/CheckFunctionExists.c.o  -o cmTC_c7af0  -lpthreads 
/bin/ld: cannot find -lpthreads
collect2: error: ld returned 1 exit status
gmake[1]: *** [cmTC_c7af0] Error 1
gmake[1]: Leaving directory `/gpfs/mira-home/abucaro/BloodFlow/examples/embolism/buld/CMakeFiles/CMakeTmp'
gmake: *** [cmTC_c7af0/fast] Error 2



